#
# A fatal error has been detected by the Java Runtime Environment:
#
#  EXCEPTION_ACCESS_VIOLATION (0xc0000005) at pc=0x775400bb, pid=12784, tid=0x00001058
#
# JRE version: Java(TM) SE Runtime Environment (8.0_121-b13) (build 1.8.0_121-b13)
# Java VM: Java HotSpot(TM) Client VM (25.121-b13 mixed mode windows-x86 )
# Problematic frame:
# C  [ntdll.dll+0x400bb]
#
# Failed to write core dump. Minidumps are not enabled by default on client versions of Windows
#
# If you would like to submit a bug report, please visit:
#   http://bugreport.java.com/bugreport/crash.jsp
#

---------------  T H R E A D  ---------------

Current thread (0x0452d000):  VMThread [stack: 0x065b0000,0x06600000] [id=4184]

siginfo: ExceptionCode=0xc0000005, reading address 0x00000000

Registers:
EAX=0x02a19758, EBX=0x02a19750, ECX=0x00000000, EDX=0x029e7ff8
ESP=0x065ff388, EBP=0x065ff4e0, ESI=0x02a6a2d8, EDI=0x029e0000
EIP=0x775400bb, EFLAGS=0x00010297

Top of Stack: (sp=0x065ff388)
0x065ff388:   936f1b61 02a1a030 029e0000 00000000
0x065ff398:   02000002 029ec5e8 d70023f4 74c580a0
0x065ff3a8:   02000002 0fa00000 d70023f4 00000000
0x065ff3b8:   54000155 00000000 00000000 029ec5e8
0x065ff3c8:   40000141 00000000 40000141 00000000
0x065ff3d8:   00000000 00000013 ffffdc21 00000000
0x065ff3e8:   00000000 000002b0 ffffdebe ffffffec
0x065ff3f8:   029e0000 ffffffdb 00000015 029ec5e0 

Instructions: (pc=0x775400bb)
0x7754009b:   50 89 4d b0 66 89 4d 8c 8b 5d 08 0f b7 c1 39 45
0x775400ab:   d0 0f 87 c1 61 05 00 8d 43 08 89 45 ac 8b 4e 04
0x775400bb:   8b 11 3b d6 0f 85 bb 61 05 00 89 30 89 48 04 89
0x775400cb:   01 89 46 04 0f b7 03 01 47 74 8b 8f b4 00 00 00 


Register to memory mapping:

EAX=
[error occurred during error reporting (printing register info), id 0xc0000005]

Stack: [0x065b0000,0x06600000],  sp=0x065ff388,  free space=316k
Native frames: (J=compiled Java code, j=interpreted, Vv=VM code, C=native code)
C  [ntdll.dll+0x400bb]
C  [ntdll.dll+0x3fa0d]
C  [apphelp.dll+0x313c5]
C  [ntdll.dll+0x6e746]
C  [ntdll.dll+0x3cbef]
C  [ntdll.dll+0x3792c]
C  [ntdll.dll+0x679fc]
C  [KERNEL32.DLL+0x13bd3]
C  [msvcr100.dll+0x27997]
C  [msvcr100.dll+0x27ab0]
C  [msvcr100.dll+0x27b1d]
V  [jvm.dll+0x159492]
V  [jvm.dll+0x1830ad]
V  [jvm.dll+0x182511]
V  [jvm.dll+0x182927]
V  [jvm.dll+0x182b22]
V  [jvm.dll+0x1c2ae6]
C  [msvcr100.dll+0x5c556]
C  [msvcr100.dll+0x5c600]
C  [KERNEL32.DLL+0x18654]
C  [ntdll.dll+0x64a77]
C  [ntdll.dll+0x64a47]

VM_Operation (0x18a4e600): Exit, mode: safepoint, requested by thread 0x18405800


---------------  P R O C E S S  ---------------

Java Threads: ( => current thread )
  0x1855bc00 JavaThread "SwingWorker-pool-2-thread-1" daemon [_thread_blocked, id=12652, stack(0x027a0000,0x027f0000)]
  0x18511800 JavaThread "TimerQueue" daemon [_thread_blocked, id=12264, stack(0x17ed0000,0x17f20000)]
  0x0442c000 JavaThread "DestroyJavaVM" [_thread_blocked, id=11420, stack(0x04380000,0x043d0000)]
  0x18405800 JavaThread "AWT-EventQueue-0" [_thread_blocked, id=580, stack(0x18a00000,0x18a50000)]
  0x16d11400 JavaThread "AWT-Shutdown" [_thread_blocked, id=12948, stack(0x174b0000,0x17500000)]
  0x16d10800 JavaThread "Java2D Disposer" daemon [_thread_blocked, id=9552, stack(0x17420000,0x17470000)]
  0x16b7c400 JavaThread "Service Thread" daemon [_thread_blocked, id=3284, stack(0x17200000,0x17250000)]
  0x16b73400 JavaThread "C1 CompilerThread0" daemon [_thread_blocked, id=11740, stack(0x17170000,0x171c0000)]
  0x16b72800 JavaThread "Attach Listener" daemon [_thread_blocked, id=12752, stack(0x170e0000,0x17130000)]
  0x16b7dc00 JavaThread "Signal Dispatcher" daemon [_thread_blocked, id=12324, stack(0x17050000,0x170a0000)]
  0x16b69c00 JavaThread "Finalizer" daemon [_thread_blocked, id=5904, stack(0x16e20000,0x16e70000)]
  0x16b54400 JavaThread "Reference Handler" daemon [_thread_blocked, id=7720, stack(0x16d90000,0x16de0000)]

Other Threads:
=>0x0452d000 VMThread [stack: 0x065b0000,0x06600000] [id=4184]

VM state:at safepoint (shutting down)

VM Mutex/Monitor currently owned by a thread:  ([mutex/lock_event])
[0x0442a488] Threads_lock - owner thread: 0x0452d000

Heap:
 def new generation   total 4928K, used 1805K [0x06600000, 0x06b50000, 0x0bb50000)
  eden space 4416K,  31% used [0x06600000, 0x0675df00, 0x06a50000)
  from space 512K,  79% used [0x06a50000, 0x06ab5760, 0x06ad0000)
  to   space 512K,   0% used [0x06ad0000, 0x06ad0000, 0x06b50000)
 tenured generation   total 10944K, used 3234K [0x0bb50000, 0x0c600000, 0x16600000)
   the space 10944K,  29% used [0x0bb50000, 0x0be78a80, 0x0be78c00, 0x0c600000)
 Metaspace       used 8035K, capacity 8275K, committed 8448K, reserved 8576K

Card table byte_map: [0x16600000,0x16690000] byte_map_base: 0x165cd000

Polling page: 0x02950000

CodeCache: size=32768Kb used=1370Kb max_used=1370Kb free=31397Kb
 bounds [0x04530000, 0x04688000, 0x06530000]
 total_blobs=789 nmethods=555 adapters=165
 compilation: enabled

Compilation events (10 events):
Event: 159314.147 Thread 0x16b73400  556  s          java.awt.ColorPaintContext::getRaster (88 bytes)
Event: 159314.152 Thread 0x16b73400 nmethod 556 0x04685348 code [0x04685480, 0x04685824]
Event: 159314.152 Thread 0x16b73400  557             sun.java2d.loops.Blit$GeneralMaskBlit::Blit (28 bytes)
Event: 159314.153 Thread 0x16b73400 nmethod 557 0x04685ac8 code [0x04685bd0, 0x04685ccc]
Event: 159314.172 Thread 0x16b73400  558             sun.java2d.pipe.RegionIterator::copyStateFrom (38 bytes)
Event: 159314.173 Thread 0x16b73400 nmethod 558 0x04685d88 code [0x04685e90, 0x04685f7c]
Event: 159923.081 Thread 0x16b73400  560  s          java.awt.KeyboardFocusManager::getCurrentKeyboardFocusManager (32 bytes)
Event: 159923.081 Thread 0x16b73400 nmethod 560 0x046862c8 code [0x046863f0, 0x04686684]
Event: 159923.175 Thread 0x16b73400  561             java.awt.KeyboardFocusManager::getCurrentKeyboardFocusManager (7 bytes)
Event: 159923.175 Thread 0x16b73400 nmethod 561 0x046867c8 code [0x04686900, 0x04686be0]

GC Heap History (10 events):
Event: 4.893 GC heap before
{Heap before GC invocations=1 (full 0):
 def new generation   total 4928K, used 4928K [0x06600000, 0x06b50000, 0x0bb50000)
  eden space 4416K, 100% used [0x06600000, 0x06a50000, 0x06a50000)
  from space 512K, 100% used [0x06ad0000, 0x06b50000, 0x06b50000)
  to   space 512K,   0% used [0x06a50000, 0x06a50000, 0x06ad0000)
 tenured generation   total 10944K, used 845K [0x0bb50000, 0x0c600000, 0x16600000)
   the space 10944K,   7% used [0x0bb50000, 0x0bc236c8, 0x0bc23800, 0x0c600000)
 Metaspace       used 7636K, capacity 7846K, committed 7936K, reserved 8576K
Event: 4.901 GC heap after
Heap after GC invocations=2 (full 0):
 def new generation   total 4928K, used 512K [0x06600000, 0x06b50000, 0x0bb50000)
  eden space 4416K,   0% used [0x06600000, 0x06600000, 0x06a50000)
  from space 512K, 100% used [0x06a50000, 0x06ad0000, 0x06ad0000)
  to   space 512K,   0% used [0x06ad0000, 0x06ad0000, 0x06b50000)
 tenured generation   total 10944K, used 2725K [0x0bb50000, 0x0c600000, 0x16600000)
   the space 10944K,  24% used [0x0bb50000, 0x0bdf9700, 0x0bdf9800, 0x0c600000)
 Metaspace       used 7636K, capacity 7846K, committed 7936K, reserved 8576K
}
Event: 132.907 GC heap before
{Heap before GC invocations=2 (full 0):
 def new generation   total 4928K, used 4928K [0x06600000, 0x06b50000, 0x0bb50000)
  eden space 4416K, 100% used [0x06600000, 0x06a50000, 0x06a50000)
  from space 512K, 100% used [0x06a50000, 0x06ad0000, 0x06ad0000)
  to   space 512K,   0% used [0x06ad0000, 0x06ad0000, 0x06b50000)
 tenured generation   total 10944K, used 2725K [0x0bb50000, 0x0c600000, 0x16600000)
   the space 10944K,  24% used [0x0bb50000, 0x0bdf9700, 0x0bdf9800, 0x0c600000)
 Metaspace       used 7665K, capacity 7878K, committed 7936K, reserved 8576K
Event: 132.915 GC heap after
Heap after GC invocations=3 (full 0):
 def new generation   total 4928K, used 125K [0x06600000, 0x06b50000, 0x0bb50000)
  eden space 4416K,   0% used [0x06600000, 0x06600000, 0x06a50000)
  from space 512K,  24% used [0x06ad0000, 0x06aef590, 0x06b50000)
  to   space 512K,   0% used [0x06a50000, 0x06a50000, 0x06ad0000)
 tenured generation   total 10944K, used 3234K [0x0bb50000, 0x0c600000, 0x16600000)
   the space 10944K,  29% used [0x0bb50000, 0x0be78a80, 0x0be78c00, 0x0c600000)
 Metaspace       used 7665K, capacity 7878K, committed 7936K, reserved 8576K
}
Event: 132.953 GC heap before
{Heap before GC invocations=3 (full 0):
 def new generation   total 4928K, used 4541K [0x06600000, 0x06b50000, 0x0bb50000)
  eden space 4416K, 100% used [0x06600000, 0x06a50000, 0x06a50000)
  from space 512K,  24% used [0x06ad0000, 0x06aef590, 0x06b50000)
  to   space 512K,   0% used [0x06a50000, 0x06a50000, 0x06ad0000)
 tenured generation   total 10944K, used 3234K [0x0bb50000, 0x0c600000, 0x16600000)
   the space 10944K,  29% used [0x0bb50000, 0x0be78a80, 0x0be78c00, 0x0c600000)
 Metaspace       used 7665K, capacity 7878K, committed 7936K, reserved 8576K
Event: 132.954 GC heap after
Heap after GC invocations=4 (full 0):
 def new generation   total 4928K, used 88K [0x06600000, 0x06b50000, 0x0bb50000)
  eden space 4416K,   0% used [0x06600000, 0x06600000, 0x06a50000)
  from space 512K,  17% used [0x06a50000, 0x06a662e0, 0x06ad0000)
  to   space 512K,   0% used [0x06ad0000, 0x06ad0000, 0x06b50000)
 tenured generation   total 10944K, used 3234K [0x0bb50000, 0x0c600000, 0x16600000)
   the space 10944K,  29% used [0x0bb50000, 0x0be78a80, 0x0be78c00, 0x0c600000)
 Metaspace       used 7665K, capacity 7878K, committed 7936K, reserved 8576K
}
Event: 132.972 GC heap before
{Heap before GC invocations=4 (full 0):
 def new generation   total 4928K, used 4504K [0x06600000, 0x06b50000, 0x0bb50000)
  eden space 4416K, 100% used [0x06600000, 0x06a50000, 0x06a50000)
  from space 512K,  17% used [0x06a50000, 0x06a662e0, 0x06ad0000)
  to   space 512K,   0% used [0x06ad0000, 0x06ad0000, 0x06b50000)
 tenured generation   total 10944K, used 3234K [0x0bb50000, 0x0c600000, 0x16600000)
   the space 10944K,  29% used [0x0bb50000, 0x0be78a80, 0x0be78c00, 0x0c600000)
 Metaspace       used 7665K, capacity 7878K, committed 7936K, reserved 8576K
Event: 132.973 GC heap after
Heap after GC invocations=5 (full 0):
 def new generation   total 4928K, used 65K [0x06600000, 0x06b50000, 0x0bb50000)
  eden space 4416K,   0% used [0x06600000, 0x06600000, 0x06a50000)
  from space 512K,  12% used [0x06ad0000, 0x06ae0520, 0x06b50000)
  to   space 512K,   0% used [0x06a50000, 0x06a50000, 0x06ad0000)
 tenured generation   total 10944K, used 3234K [0x0bb50000, 0x0c600000, 0x16600000)
   the space 10944K,  29% used [0x0bb50000, 0x0be78a80, 0x0be78c00, 0x0c600000)
 Metaspace       used 7665K, capacity 7878K, committed 7936K, reserved 8576K
}
Event: 78209.999 GC heap before
{Heap before GC invocations=5 (full 0):
 def new generation   total 4928K, used 4481K [0x06600000, 0x06b50000, 0x0bb50000)
  eden space 4416K, 100% used [0x06600000, 0x06a50000, 0x06a50000)
  from space 512K,  12% used [0x06ad0000, 0x06ae0520, 0x06b50000)
  to   space 512K,   0% used [0x06a50000, 0x06a50000, 0x06ad0000)
 tenured generation   total 10944K, used 3234K [0x0bb50000, 0x0c600000, 0x16600000)
   the space 10944K,  29% used [0x0bb50000, 0x0be78a80, 0x0be78c00, 0x0c600000)
 Metaspace       used 8033K, capacity 8275K, committed 8448K, reserved 8576K
Event: 78210.099 GC heap after
Heap after GC invocations=6 (full 0):
 def new generation   total 4928K, used 405K [0x06600000, 0x06b50000, 0x0bb50000)
  eden space 4416K,   0% used [0x06600000, 0x06600000, 0x06a50000)
  from space 512K,  79% used [0x06a50000, 0x06ab5760, 0x06ad0000)
  to   space 512K,   0% used [0x06ad0000, 0x06ad0000, 0x06b50000)
 tenured generation   total 10944K, used 3234K [0x0bb50000, 0x0c600000, 0x16600000)
   the space 10944K,  29% used [0x0bb50000, 0x0be78a80, 0x0be78c00, 0x0c600000)
 Metaspace       used 8033K, capacity 8275K, committed 8448K, reserved 8576K
}

Deoptimization events (0 events):
No events

Internal exceptions (10 events):
Event: 134.847 Thread 0x1855bc00 Exception <a 'java/io/IOException'> (0x068e9f28) thrown at [C:\workspace\8-2-build-windows-i586-cygwin\jdk8u121\8372\hotspot\src\share\vm\prims\jni.cpp, line 709]
Event: 134.982 Thread 0x1855bc00 Exception <a 'java/io/IOException'> (0x068eab68) thrown at [C:\workspace\8-2-build-windows-i586-cygwin\jdk8u121\8372\hotspot\src\share\vm\prims\jni.cpp, line 709]
Event: 134.982 Thread 0x1855bc00 Exception <a 'java/io/IOException'> (0x068eae08) thrown at [C:\workspace\8-2-build-windows-i586-cygwin\jdk8u121\8372\hotspot\src\share\vm\prims\jni.cpp, line 709]
Event: 134.982 Thread 0x1855bc00 Exception <a 'java/io/IOException'> (0x068eb0a8) thrown at [C:\workspace\8-2-build-windows-i586-cygwin\jdk8u121\8372\hotspot\src\share\vm\prims\jni.cpp, line 709]
Event: 134.982 Thread 0x1855bc00 Exception <a 'java/io/IOException'> (0x068eb520) thrown at [C:\workspace\8-2-build-windows-i586-cygwin\jdk8u121\8372\hotspot\src\share\vm\prims\jni.cpp, line 709]
Event: 134.982 Thread 0x1855bc00 Exception <a 'java/io/IOException'> (0x068eb7c0) thrown at [C:\workspace\8-2-build-windows-i586-cygwin\jdk8u121\8372\hotspot\src\share\vm\prims\jni.cpp, line 709]
Event: 134.982 Thread 0x1855bc00 Exception <a 'java/io/IOException'> (0x068eba30) thrown at [C:\workspace\8-2-build-windows-i586-cygwin\jdk8u121\8372\hotspot\src\share\vm\prims\jni.cpp, line 709]
Event: 134.982 Thread 0x1855bc00 Exception <a 'java/io/IOException'> (0x068ec020) thrown at [C:\workspace\8-2-build-windows-i586-cygwin\jdk8u121\8372\hotspot\src\share\vm\prims\jni.cpp, line 709]
Event: 134.983 Thread 0x1855bc00 Exception <a 'java/io/IOException'> (0x068ec2c0) thrown at [C:\workspace\8-2-build-windows-i586-cygwin\jdk8u121\8372\hotspot\src\share\vm\prims\jni.cpp, line 709]
Event: 134.983 Thread 0x1855bc00 Exception <a 'java/io/IOException'> (0x068ec530) thrown at [C:\workspace\8-2-build-windows-i586-cygwin\jdk8u121\8372\hotspot\src\share\vm\prims\jni.cpp, line 709]

Events (10 events):
Event: 159923.679 Thread 0x16d3ec00 Thread added: 0x16d3ec00
Event: 159923.679 Thread 0x16d3f000 Thread added: 0x16d3f000
Event: 159923.680 Thread 0x16d16000 Thread exited: 0x16d16000
Event: 159923.681 Thread 0x16d3f000 Thread exited: 0x16d3f000
Event: 159923.681 loading class sun/awt/shell/Win32ShellFolderManager2$ComInvoker$1$1
Event: 159923.683 loading class sun/awt/shell/Win32ShellFolderManager2$ComInvoker$1$1 done
Event: 159923.683 Thread 0x16d3ec00 Thread exited: 0x16d3ec00
Event: 159923.713 Thread 0x184cb800 Thread exited: 0x184cb800
Event: 159923.761 Thread 0x16d3e400 Thread exited: 0x16d3e400
Event: 159923.761 Executing VM operation: Exit


Dynamic libraries:
0x003c0000 - 0x003f3000 	C:\Program Files (x86)\Java\jre1.8.0_121\bin\javaw.exe
0x77500000 - 0x7768d000 	C:\WINDOWS\SYSTEM32\ntdll.dll
0x75670000 - 0x75740000 	C:\WINDOWS\System32\KERNEL32.DLL
0x74dc0000 - 0x74f97000 	C:\WINDOWS\System32\KERNELBASE.dll
0x76bf0000 - 0x76c68000 	C:\WINDOWS\System32\ADVAPI32.dll
0x74680000 - 0x7473d000 	C:\WINDOWS\System32\msvcrt.dll
0x75490000 - 0x754d3000 	C:\WINDOWS\System32\sechost.dll
0x73f40000 - 0x73ffe000 	C:\WINDOWS\System32\RPCRT4.dll
0x73f20000 - 0x73f40000 	C:\WINDOWS\System32\SspiCli.dll
0x73f10000 - 0x73f1a000 	C:\WINDOWS\System32\CRYPTBASE.dll
0x748a0000 - 0x748f7000 	C:\WINDOWS\System32\bcryptPrimitives.dll
0x74fa0000 - 0x75115000 	C:\WINDOWS\System32\USER32.dll
0x74ac0000 - 0x74ad6000 	C:\WINDOWS\System32\win32u.dll
0x74900000 - 0x74922000 	C:\WINDOWS\System32\GDI32.dll
0x75230000 - 0x7538e000 	C:\WINDOWS\System32\gdi32full.dll
0x747b0000 - 0x7482c000 	C:\WINDOWS\System32\msvcp_win.dll
0x754e0000 - 0x755f7000 	C:\WINDOWS\System32\ucrtbase.dll
0x71c70000 - 0x71e81000 	C:\WINDOWS\WinSxS\x86_microsoft.windows.common-controls_6595b64144ccf1df_6.0.16299.309_none_5d7d0b9ba7da9417\COMCTL32.dll
0x76c70000 - 0x76eb6000 	C:\WINDOWS\System32\combase.dll
0x77440000 - 0x77465000 	C:\WINDOWS\System32\IMM32.DLL
0x62b10000 - 0x62bcf000 	C:\Program Files (x86)\Java\jre1.8.0_121\bin\msvcr100.dll
0x61610000 - 0x619de000 	C:\Program Files (x86)\Java\jre1.8.0_121\bin\client\jvm.dll
0x75640000 - 0x75646000 	C:\WINDOWS\System32\PSAPI.DLL
0x70dd0000 - 0x70df4000 	C:\WINDOWS\SYSTEM32\WINMM.dll
0x71f60000 - 0x71f68000 	C:\WINDOWS\SYSTEM32\WSOCK32.dll
0x74830000 - 0x74896000 	C:\WINDOWS\System32\WS2_32.dll
0x73e60000 - 0x73e68000 	C:\WINDOWS\SYSTEM32\VERSION.dll
0x70da0000 - 0x70dc3000 	C:\WINDOWS\SYSTEM32\WINMMBASE.dll
0x75600000 - 0x75638000 	C:\WINDOWS\System32\cfgmgr32.dll
0x6a6c0000 - 0x6a6cc000 	C:\Program Files (x86)\Java\jre1.8.0_121\bin\verify.dll
0x64b50000 - 0x64b71000 	C:\Program Files (x86)\Java\jre1.8.0_121\bin\java.dll
0x6a3a0000 - 0x6a3b3000 	C:\Program Files (x86)\Java\jre1.8.0_121\bin\zip.dll
0x758b0000 - 0x76be3000 	C:\WINDOWS\System32\SHELL32.dll
0x77470000 - 0x774f8000 	C:\WINDOWS\System32\shcore.dll
0x74050000 - 0x74616000 	C:\WINDOWS\System32\windows.storage.dll
0x76ec0000 - 0x76f05000 	C:\WINDOWS\System32\shlwapi.dll
0x75120000 - 0x7512e000 	C:\WINDOWS\System32\kernel.appcore.dll
0x74000000 - 0x74045000 	C:\WINDOWS\System32\powrprof.dll
0x75210000 - 0x75224000 	C:\WINDOWS\System32\profapi.dll
0x62920000 - 0x62a66000 	C:\Program Files (x86)\Java\jre1.8.0_121\bin\awt.dll
0x74c30000 - 0x74cc3000 	C:\WINDOWS\System32\OLEAUT32.dll
0x72c40000 - 0x72cda000 	C:\WINDOWS\SYSTEM32\apphelp.dll
0x714b0000 - 0x714d3000 	C:\WINDOWS\system32\DWMAPI.DLL
0x71500000 - 0x71579000 	C:\WINDOWS\system32\uxtheme.dll
0x61300000 - 0x613df000 	C:\WINDOWS\system32\opengl32.dll
0x64b20000 - 0x64b45000 	C:\WINDOWS\SYSTEM32\GLU32.dll
0x74ae0000 - 0x74c24000 	C:\WINDOWS\System32\MSCTF.dll
0x76f10000 - 0x77007000 	C:\WINDOWS\System32\ole32.dll
0x64ae0000 - 0x64b19000 	C:\Program Files (x86)\Java\jre1.8.0_121\bin\fontmanager.dll
0x6a140000 - 0x6a156000 	C:\Program Files (x86)\Java\jre1.8.0_121\bin\net.dll
0x731a0000 - 0x731f5000 	C:\WINDOWS\system32\mswsock.dll
0x6a6b0000 - 0x6a6bf000 	C:\Program Files (x86)\Java\jre1.8.0_121\bin\nio.dll
0x63f70000 - 0x63fa2000 	C:\Program Files (x86)\Java\jre1.8.0_121\bin\t2k.dll
0x71970000 - 0x719fe000 	C:\WINDOWS\WinSxS\x86_microsoft.windows.common-controls_6595b64144ccf1df_5.82.16299.309_none_d02304ff5f3aa9de\comctl32.dll
0x75390000 - 0x75412000 	C:\WINDOWS\System32\clbcatq.dll
0x71ab0000 - 0x71c2a000 	C:\WINDOWS\SYSTEM32\PROPSYS.dll
0x726e0000 - 0x726f6000 	C:\WINDOWS\SYSTEM32\CLDAPI.dll
0x726a0000 - 0x726d7000 	C:\WINDOWS\SYSTEM32\AEPIC.dll
0x72c20000 - 0x72c28000 	C:\WINDOWS\SYSTEM32\FLTLIB.DLL
0x73610000 - 0x73629000 	C:\WINDOWS\SYSTEM32\bcrypt.dll
0x73660000 - 0x73673000 	C:\WINDOWS\SYSTEM32\cryptsp.dll
0x73680000 - 0x736a8000 	C:\WINDOWS\SYSTEM32\ntmarta.dll
0x6d250000 - 0x6d267000 	C:\WINDOWS\SYSTEM32\MPR.dll
0x64dd0000 - 0x64dd9000 	C:\WINDOWS\System32\drprov.dll
0x72790000 - 0x727d5000 	C:\WINDOWS\System32\WINSTA.dll
0x63f50000 - 0x63f62000 	C:\WINDOWS\System32\ntlanman.dll
0x63f30000 - 0x63f49000 	C:\WINDOWS\System32\davclnt.dll
0x64dc0000 - 0x64dca000 	C:\WINDOWS\System32\DAVHLPR.dll
0x72690000 - 0x726a0000 	C:\WINDOWS\System32\wkscli.dll
0x72460000 - 0x7246f000 	C:\WINDOWS\SYSTEM32\cscapi.dll
0x72c10000 - 0x72c1b000 	C:\WINDOWS\System32\netutils.dll
0x63f10000 - 0x63f2b000 	C:\Windows\System32\DevDispItemProvider.dll
0x6b1b0000 - 0x6b325000 	C:\WINDOWS\SYSTEM32\MFPlat.DLL
0x6f860000 - 0x6f887000 	C:\WINDOWS\SYSTEM32\RTWorkQ.DLL
0x69740000 - 0x6974d000 	C:\WINDOWS\SYSTEM32\LINKINFO.dll
0x6c960000 - 0x6cace000 	C:\WINDOWS\SYSTEM32\WindowsCodecs.dll
0x6c1a0000 - 0x6c217000 	C:\WINDOWS\System32\TextInputFramework.dll
0x6bf60000 - 0x6c194000 	C:\WINDOWS\System32\CoreUIComponents.dll
0x6bed0000 - 0x6bf5c000 	C:\WINDOWS\System32\CoreMessaging.dll
0x6c2b0000 - 0x6c37b000 	C:\WINDOWS\SYSTEM32\wintypes.dll
0x73230000 - 0x733b1000 	C:\WINDOWS\SYSTEM32\dbghelp.dll

VM Arguments:
java_command: D:\janus_razvoj\MARSIKAJ\NuncPatchMaker\NuncPatchMaker_07_09_2017.jar
java_class_path (initial): D:\janus_razvoj\MARSIKAJ\NuncPatchMaker\NuncPatchMaker_07_09_2017.jar
Launcher Type: SUN_STANDARD

Environment Variables:
PATH=C:\Program Files (x86)\Oracle\JInitiator 1.3.1.22\bin;C:\ProgramData\Oracle\Java\javapath;D:\app\damjank\product\11.2.0\client_2\bin;D:\app\damjank\product\11.2.0\client_1\bin;D:\app\damjank\product\11.2.0\client_1;C:\WINDOWS\system32;C:\WINDOWS;C:\WINDOWS\System32\Wbem;C:\WINDOWS\System32\WindowsPowerShell\v1.0\;C:\Program Files\Intel\DMIX;C:\Program Files\TortoiseSVN\bin;C:\Program Files (x86)\Java\jre6\bin;C:\Program Files (x86)\cURL\bin;C:\Program Files\cURL\bin;C:\Program Files (x86)\GtkSharp\2.12\bin;C:\Program Files (x86)\OpenVPN\bin;C:\Program Files (x86)\Nmap;C:\Users\damjank.IN2KOPER\AppData\Local\Android\sdk\platform-tools;C:\Users\damjank.IN2KOPER\AppData\Local\Microsoft\WindowsApps;
USERNAME=damjank
OS=Windows_NT
PROCESSOR_IDENTIFIER=Intel64 Family 6 Model 37 Stepping 5, GenuineIntel



---------------  S Y S T E M  ---------------

OS: Windows 10.0 , 64 bit Build 16299 (10.0.16299.15)

CPU:total 4 (2 cores per cpu, 2 threads per core) family 6 model 37 stepping 5, cmov, cx8, fxsr, mmx, sse, sse2, sse3, ssse3, sse4.1, sse4.2, popcnt, ht, tsc, tscinvbit

Memory: 4k page, physical 8051060k(2200056k free), swap 16177524k(6854836k free)

vm_info: Java HotSpot(TM) Client VM (25.121-b13) for windows-x86 JRE (1.8.0_121-b13), built on Dec 12 2016 18:17:00 by "java_re" with MS VC++ 10.0 (VS2010)

time: Thu Mar 29 11:07:15 2018
elapsed time: 159924 seconds (1d 20h 25m 24s)

